[debug] [2025-07-31T01:36:10.461Z] ----------------------------------------------------------------------
[debug] [2025-07-31T01:36:10.465Z] Command:       /nix/store/ws50yvm6vzlzf7jzz6n7xh4szddrack1-nodejs-20.19.1/bin/node /nix/store/gv0i9ndcpzjpfi2yr06402kzy90q51ki-firebase-tools-14.10.1/lib/node_modules/firebase-tools/lib/bin/firebase.js deploy
[debug] [2025-07-31T01:36:10.466Z] CLI Version:   14.10.1
[debug] [2025-07-31T01:36:10.467Z] Platform:      linux
[debug] [2025-07-31T01:36:10.467Z] Node Version:  v20.19.1
[debug] [2025-07-31T01:36:10.467Z] Time:          Thu Jul 31 2025 01:36:10 GMT+0000 (Coordinated Universal Time)
[debug] [2025-07-31T01:36:10.468Z] ----------------------------------------------------------------------
[debug] 
[debug] [2025-07-31T01:36:10.936Z] > command requires scopes: ["email","openid","https://www.googleapis.com/auth/cloudplatformprojects.readonly","https://www.googleapis.com/auth/firebase","https://www.googleapis.com/auth/cloud-platform"]
[debug] [2025-07-31T01:36:23.010Z] Running auto auth
[debug] [2025-07-31T01:36:23.039Z] [iam] checking project angels-touch-e1lwx for permissions ["firebase.projects.get","firebasehosting.sites.update"]
[debug] [2025-07-31T01:36:23.042Z] No OAuth tokens found
[debug] [2025-07-31T01:36:23.046Z] >>> [apiv2][query] POST https://cloudresourcemanager.googleapis.com/v1/projects/angels-touch-e1lwx:testIamPermissions [none]
[debug] [2025-07-31T01:36:23.046Z] >>> [apiv2][(partial)header] POST https://cloudresourcemanager.googleapis.com/v1/projects/angels-touch-e1lwx:testIamPermissions x-goog-quota-user=projects/angels-touch-e1lwx
[debug] [2025-07-31T01:36:23.047Z] >>> [apiv2][body] POST https://cloudresourcemanager.googleapis.com/v1/projects/angels-touch-e1lwx:testIamPermissions {"permissions":["firebase.projects.get","firebasehosting.sites.update"]}
[debug] [2025-07-31T01:36:23.859Z] <<< [apiv2][status] POST https://cloudresourcemanager.googleapis.com/v1/projects/angels-touch-e1lwx:testIamPermissions 200
[debug] [2025-07-31T01:36:23.859Z] <<< [apiv2][body] POST https://cloudresourcemanager.googleapis.com/v1/projects/angels-touch-e1lwx:testIamPermissions {"permissions":["firebase.projects.get","firebasehosting.sites.update"]}
[debug] [2025-07-31T01:36:23.861Z] No OAuth tokens found
[debug] [2025-07-31T01:36:23.862Z] >>> [apiv2][query] GET https://firebase.googleapis.com/v1beta1/projects/angels-touch-e1lwx [none]
[debug] [2025-07-31T01:36:24.122Z] <<< [apiv2][status] GET https://firebase.googleapis.com/v1beta1/projects/angels-touch-e1lwx 200
[debug] [2025-07-31T01:36:24.122Z] <<< [apiv2][body] GET https://firebase.googleapis.com/v1beta1/projects/angels-touch-e1lwx {"projectId":"angels-touch-e1lwx","projectNumber":"675534587038","displayName":"Angels' Touch","name":"projects/angels-touch-e1lwx","resources":{"hostingSite":"angels-touch-e1lwx"},"state":"ACTIVE","etag":"1_f0741dd1-08ee-4425-9df6-b7f826515383"}
[debug] [2025-07-31T01:36:28.934Z] No OAuth tokens found
[debug] [2025-07-31T01:36:28.935Z] >>> [apiv2][query] GET https://firebasehosting.googleapis.com/v1beta1/projects/angels-touch-e1lwx/sites pageToken=&pageSize=10
[debug] [2025-07-31T01:36:29.431Z] <<< [apiv2][status] GET https://firebasehosting.googleapis.com/v1beta1/projects/angels-touch-e1lwx/sites 200
[debug] [2025-07-31T01:36:29.431Z] <<< [apiv2][body] GET https://firebasehosting.googleapis.com/v1beta1/projects/angels-touch-e1lwx/sites {"sites":[{"name":"projects/angels-touch-e1lwx/sites/angels-touch-e1lwx","defaultUrl":"https://angels-touch-e1lwx.web.app","type":"DEFAULT_SITE"}]}
[debug] [2025-07-31T01:36:29.433Z] No OAuth tokens found
[debug] [2025-07-31T01:36:29.433Z] >>> [apiv2][query] GET https://firebasehosting.googleapis.com/v1beta1/projects/angels-touch-e1lwx/sites 
[debug] [2025-07-31T01:36:29.845Z] <<< [apiv2][status] GET https://firebasehosting.googleapis.com/v1beta1/projects/angels-touch-e1lwx/sites 200
[debug] [2025-07-31T01:36:29.846Z] <<< [apiv2][body] GET https://firebasehosting.googleapis.com/v1beta1/projects/angels-touch-e1lwx/sites {"sites":[{"name":"projects/angels-touch-e1lwx/sites/angels-touch-e1lwx","defaultUrl":"https://angels-touch-e1lwx.web.app","type":"DEFAULT_SITE"}]}
[debug] [2025-07-31T01:36:29.846Z] No OAuth tokens found
[debug] [2025-07-31T01:36:29.847Z] >>> [apiv2][query] GET https://firebase.googleapis.com/v1beta1/projects/angels-touch-e1lwx/webApps/-/config [none]
[debug] [2025-07-31T01:36:30.334Z] <<< [apiv2][status] GET https://firebase.googleapis.com/v1beta1/projects/angels-touch-e1lwx/webApps/-/config 200
[debug] [2025-07-31T01:36:30.335Z] <<< [apiv2][body] GET https://firebase.googleapis.com/v1beta1/projects/angels-touch-e1lwx/webApps/-/config {"projectId":"angels-touch-e1lwx","storageBucket":"angels-touch-e1lwx.firebasestorage.app","apiKey":"AIzaSyA5aBc6ZTPIQMa8T6Dn40WJWBQOBaC0E8w","authDomain":"angels-touch-e1lwx.firebaseapp.com","messagingSenderId":"675534587038"}
[info] 
   Thank you for trying our early preview of Next.js support on Firebase Hosting.
   During the preview, support is best-effort and breaking changes can be expected. Proceed with caution.
   The integration is known to work with Next.js version 12 - 15.0. You may encounter errors.

   Documentation: https://firebase.google.com/docs/hosting/frameworks/nextjs
   File a bug: https://github.com/firebase/firebase-tools/issues/new?template=bug_report.md
   Submit a feature request: https://github.com/firebase/firebase-tools/issues/new?template=feature_request.md

   We'd love to learn from you. Express your interest in helping us shape the future of Firebase Hosting: https://goo.gle/41enW5X

[debug] [2025-07-31T01:36:37.124Z] No OAuth tokens found
[debug] [2025-07-31T01:36:37.124Z] >>> [apiv2][query] GET https://firebasehosting.googleapis.com/v1beta1/projects/angels-touch-e1lwx/sites/angels-touch-e1lwx [none]
[debug] [2025-07-31T01:36:37.532Z] <<< [apiv2][status] GET https://firebasehosting.googleapis.com/v1beta1/projects/angels-touch-e1lwx/sites/angels-touch-e1lwx 200
[debug] [2025-07-31T01:36:37.533Z] <<< [apiv2][body] GET https://firebasehosting.googleapis.com/v1beta1/projects/angels-touch-e1lwx/sites/angels-touch-e1lwx {"name":"projects/angels-touch-e1lwx/sites/angels-touch-e1lwx","defaultUrl":"https://angels-touch-e1lwx.web.app","type":"DEFAULT_SITE"}
[info]    ▲ Next.js 15.3.3

[info]    - Environments: .env.local, .env


[info]    Creating an optimized production build ...

[info] Failed to compile.


[info] ./src/app/admin/page.tsx
Error:   x Unexpected eof
     ,-[/home/user/studio/src/app/admin/page.tsx:205:5]
 203 |   );
 204 | }
 205 | ```
     `----

Caused by:
    Syntax Error

Import trace for requested module:
./src/app/admin/page.tsx


[info] 
> Build failed because of webpack errors

[debug] [2025-07-31T01:37:03.066Z] Error: ENOENT: no such file or directory, open '/home/user/studio/.next/server/middleware-manifest.json'
[error] 
[error] Error: An unexpected error has occurred.
[debug] [2025-07-31T01:38:28.491Z] ----------------------------------------------------------------------
[debug] [2025-07-31T01:38:28.506Z] Command:       /nix/store/ws50yvm6vzlzf7jzz6n7xh4szddrack1-nodejs-20.19.1/bin/node /nix/store/gv0i9ndcpzjpfi2yr06402kzy90q51ki-firebase-tools-14.10.1/lib/node_modules/firebase-tools/lib/bin/firebase.js deploy
[debug] [2025-07-31T01:38:28.506Z] CLI Version:   14.10.1
[debug] [2025-07-31T01:38:28.507Z] Platform:      linux
[debug] [2025-07-31T01:38:28.507Z] Node Version:  v20.19.1
[debug] [2025-07-31T01:38:28.507Z] Time:          Thu Jul 31 2025 01:38:28 GMT+0000 (Coordinated Universal Time)
[debug] [2025-07-31T01:38:28.507Z] ----------------------------------------------------------------------
[debug] 
[debug] [2025-07-31T01:38:29.008Z] > command requires scopes: ["email","openid","https://www.googleapis.com/auth/cloudplatformprojects.readonly","https://www.googleapis.com/auth/firebase","https://www.googleapis.com/auth/cloud-platform"]
[debug] [2025-07-31T01:38:29.009Z] > authorizing via signed-in user (shimsanin@gmail.com)
[debug] [2025-07-31T01:38:29.010Z] [iam] checking project angels-touch-e1lwx for permissions ["firebase.projects.get","firebasehosting.sites.update"]
[debug] [2025-07-31T01:38:29.011Z] No OAuth tokens found
[debug] [2025-07-31T01:38:29.012Z] No OAuth tokens found
[debug] [2025-07-31T01:38:29.012Z] > command requires scopes: ["email","openid","https://www.googleapis.com/auth/cloudplatformprojects.readonly","https://www.googleapis.com/auth/firebase","https://www.googleapis.com/auth/cloud-platform"]
[debug] [2025-07-31T01:38:29.012Z] > authorizing via signed-in user (shimsanin@gmail.com)
[debug] [2025-07-31T01:38:29.014Z] >>> [apiv2][query] POST https://cloudresourcemanager.googleapis.com/v1/projects/angels-touch-e1lwx:testIamPermissions [none]
[debug] [2025-07-31T01:38:29.014Z] >>> [apiv2][(partial)header] POST https://cloudresourcemanager.googleapis.com/v1/projects/angels-touch-e1lwx:testIamPermissions x-goog-quota-user=projects/angels-touch-e1lwx
[debug] [2025-07-31T01:38:29.014Z] >>> [apiv2][body] POST https://cloudresourcemanager.googleapis.com/v1/projects/angels-touch-e1lwx:testIamPermissions {"permissions":["firebase.projects.get","firebasehosting.sites.update"]}
[debug] [2025-07-31T01:38:29.831Z] <<< [apiv2][status] POST https://cloudresourcemanager.googleapis.com/v1/projects/angels-touch-e1lwx:testIamPermissions 200
[debug] [2025-07-31T01:38:29.833Z] <<< [apiv2][body] POST https://cloudresourcemanager.googleapis.com/v1/projects/angels-touch-e1lwx:testIamPermissions {"permissions":["firebase.projects.get","firebasehosting.sites.update"]}
[debug] [2025-07-31T01:38:29.837Z] No OAuth tokens found
[debug] [2025-07-31T01:38:29.838Z] No OAuth tokens found
[debug] [2025-07-31T01:38:29.838Z] > command requires scopes: ["email","openid","https://www.googleapis.com/auth/cloudplatformprojects.readonly","https://www.googleapis.com/auth/firebase","https://www.googleapis.com/auth/cloud-platform"]
[debug] [2025-07-31T01:38:29.838Z] > authorizing via signed-in user (shimsanin@gmail.com)
[debug] [2025-07-31T01:38:29.839Z] >>> [apiv2][query] GET https://firebase.googleapis.com/v1beta1/projects/angels-touch-e1lwx [none]
[debug] [2025-07-31T01:38:30.101Z] <<< [apiv2][status] GET https://firebase.googleapis.com/v1beta1/projects/angels-touch-e1lwx 200
[debug] [2025-07-31T01:38:30.101Z] <<< [apiv2][body] GET https://firebase.googleapis.com/v1beta1/projects/angels-touch-e1lwx {"projectId":"angels-touch-e1lwx","projectNumber":"675534587038","displayName":"Angels' Touch","name":"projects/angels-touch-e1lwx","resources":{"hostingSite":"angels-touch-e1lwx"},"state":"ACTIVE","etag":"1_f0741dd1-08ee-4425-9df6-b7f826515383"}
[debug] [2025-07-31T01:38:34.036Z] No OAuth tokens found
[debug] [2025-07-31T01:38:34.036Z] No OAuth tokens found
[debug] [2025-07-31T01:38:34.036Z] > command requires scopes: ["email","openid","https://www.googleapis.com/auth/cloudplatformprojects.readonly","https://www.googleapis.com/auth/firebase","https://www.googleapis.com/auth/cloud-platform"]
[debug] [2025-07-31T01:38:34.037Z] > authorizing via signed-in user (shimsanin@gmail.com)
[debug] [2025-07-31T01:38:34.037Z] >>> [apiv2][query] GET https://firebasehosting.googleapis.com/v1beta1/projects/angels-touch-e1lwx/sites pageToken=&pageSize=10
[debug] [2025-07-31T01:38:34.477Z] <<< [apiv2][status] GET https://firebasehosting.googleapis.com/v1beta1/projects/angels-touch-e1lwx/sites 200
[debug] [2025-07-31T01:38:34.478Z] <<< [apiv2][body] GET https://firebasehosting.googleapis.com/v1beta1/projects/angels-touch-e1lwx/sites {"sites":[{"name":"projects/angels-touch-e1lwx/sites/angels-touch-e1lwx","defaultUrl":"https://angels-touch-e1lwx.web.app","type":"DEFAULT_SITE"}]}
[debug] [2025-07-31T01:38:34.481Z] No OAuth tokens found
[debug] [2025-07-31T01:38:34.481Z] No OAuth tokens found
[debug] [2025-07-31T01:38:34.482Z] > command requires scopes: ["email","openid","https://www.googleapis.com/auth/cloudplatformprojects.readonly","https://www.googleapis.com/auth/firebase","https://www.googleapis.com/auth/cloud-platform"]
[debug] [2025-07-31T01:38:34.482Z] > authorizing via signed-in user (shimsanin@gmail.com)
[debug] [2025-07-31T01:38:34.482Z] >>> [apiv2][query] GET https://firebasehosting.googleapis.com/v1beta1/projects/angels-touch-e1lwx/sites 
[debug] [2025-07-31T01:38:34.919Z] <<< [apiv2][status] GET https://firebasehosting.googleapis.com/v1beta1/projects/angels-touch-e1lwx/sites 200
[debug] [2025-07-31T01:38:34.919Z] <<< [apiv2][body] GET https://firebasehosting.googleapis.com/v1beta1/projects/angels-touch-e1lwx/sites {"sites":[{"name":"projects/angels-touch-e1lwx/sites/angels-touch-e1lwx","defaultUrl":"https://angels-touch-e1lwx.web.app","type":"DEFAULT_SITE"}]}
[debug] [2025-07-31T01:38:34.924Z] No OAuth tokens found
[debug] [2025-07-31T01:38:34.924Z] No OAuth tokens found
[debug] [2025-07-31T01:38:34.925Z] > command requires scopes: ["email","openid","https://www.googleapis.com/auth/cloudplatformprojects.readonly","https://www.googleapis.com/auth/firebase","https://www.googleapis.com/auth/cloud-platform"]
[debug] [2025-07-31T01:38:34.925Z] > authorizing via signed-in user (shimsanin@gmail.com)
[debug] [2025-07-31T01:38:34.925Z] >>> [apiv2][query] GET https://firebase.googleapis.com/v1beta1/projects/angels-touch-e1lwx/webApps/-/config [none]
[debug] [2025-07-31T01:38:35.496Z] <<< [apiv2][status] GET https://firebase.googleapis.com/v1beta1/projects/angels-touch-e1lwx/webApps/-/config 200
[debug] [2025-07-31T01:38:35.496Z] <<< [apiv2][body] GET https://firebase.googleapis.com/v1beta1/projects/angels-touch-e1lwx/webApps/-/config {"projectId":"angels-touch-e1lwx","storageBucket":"angels-touch-e1lwx.firebasestorage.app","apiKey":"AIzaSyA5aBc6ZTPIQMa8T6Dn40WJWBQOBaC0E8w","authDomain":"angels-touch-e1lwx.firebaseapp.com","messagingSenderId":"675534587038"}
[info] 
   Thank you for trying our early preview of Next.js support on Firebase Hosting.
   During the preview, support is best-effort and breaking changes can be expected. Proceed with caution.
   The integration is known to work with Next.js version 12 - 15.0. You may encounter errors.

   Documentation: https://firebase.google.com/docs/hosting/frameworks/nextjs
   File a bug: https://github.com/firebase/firebase-tools/issues/new?template=bug_report.md
   Submit a feature request: https://github.com/firebase/firebase-tools/issues/new?template=feature_request.md

   We'd love to learn from you. Express your interest in helping us shape the future of Firebase Hosting: https://goo.gle/41enW5X

[debug] [2025-07-31T01:38:53.072Z] No OAuth tokens found
[debug] [2025-07-31T01:38:53.074Z] No OAuth tokens found
[debug] [2025-07-31T01:38:53.074Z] > command requires scopes: ["email","openid","https://www.googleapis.com/auth/cloudplatformprojects.readonly","https://www.googleapis.com/auth/firebase","https://www.googleapis.com/auth/cloud-platform"]
[debug] [2025-07-31T01:38:53.074Z] > authorizing via signed-in user (shimsanin@gmail.com)
[debug] [2025-07-31T01:38:53.075Z] >>> [apiv2][query] GET https://firebasehosting.googleapis.com/v1beta1/projects/angels-touch-e1lwx/sites/angels-touch-e1lwx [none]
[debug] [2025-07-31T01:38:53.410Z] <<< [apiv2][status] GET https://firebasehosting.googleapis.com/v1beta1/projects/angels-touch-e1lwx/sites/angels-touch-e1lwx 200
[debug] [2025-07-31T01:38:53.411Z] <<< [apiv2][body] GET https://firebasehosting.googleapis.com/v1beta1/projects/angels-touch-e1lwx/sites/angels-touch-e1lwx {"name":"projects/angels-touch-e1lwx/sites/angels-touch-e1lwx","defaultUrl":"https://angels-touch-e1lwx.web.app","type":"DEFAULT_SITE"}
[info]    ▲ Next.js 15.3.3

[info]    - Environments: .env.local, .env


[info]    Creating an optimized production build ...

[info] Failed to compile.


[info] ./src/app/admin/page.tsx
Error:   x Unexpected eof
     ,-[/home/user/studio/src/app/admin/page.tsx:205:5]
 203 |   );
 204 | }
 205 | ```
     `----

Caused by:
    Syntax Error

Import trace for requested module:
./src/app/admin/page.tsx


[info] 
> Build failed because of webpack errors

[debug] [2025-07-31T01:39:42.602Z] Error: ENOENT: no such file or directory, open '/home/user/studio/.next/server/middleware-manifest.json'
[error] 
[error] Error: An unexpected error has occurred.
